[0.032s] Invoking command in '/home/bettanin/ros2dev/build/cpp_action_srvcli': CMAKE_PREFIX_PATH=/home/bettanin/ros2dev/install/action_tutorials_interfaces:/home/bettanin/ros2dev/install/cpp_action_srvcli:/home/bettanin/ros2dev/install/cpp_pubsub:/home/bettanin/ros2dev/install/tutorial_interfaces:/home/bettanin/ros2dev/install/my_package:/home/bettanin/ros2dev/install/more_interfaces:/home/bettanin/ros2dev/install/cpp_srvcli:/home/bettanin/ros2dev/install/cpp_parameters:/opt/ros/foxy LD_LIBRARY_PATH=/home/bettanin/ros2dev/install/action_tutorials_interfaces/lib:/home/bettanin/ros2dev/install/cpp_action_srvcli/lib:/home/bettanin/ros2dev/install/tutorial_interfaces/lib:/home/bettanin/ros2dev/install/more_interfaces/lib:/opt/ros/foxy/opt/yaml_cpp_vendor/lib:/opt/ros/foxy/opt/rviz_ogre_vendor/lib:/opt/ros/foxy/lib/x86_64-linux-gnu:/opt/ros/foxy/lib /usr/bin/cmake --build /home/bettanin/ros2dev/build/cpp_action_srvcli -- -j8 -l8
[0.122s] [35m[1mScanning dependencies of target action_server[0m
[0.161s] [ 25%] Built target fibonacci_action_client
[0.163s] [ 50%] Built target fibonacci_action_server
[0.164s] [ 75%] Built target action_client
[0.198s] [ 87%] [32mBuilding CXX object CMakeFiles/action_server.dir/src/fibonacci_action_server.cpp.o[0m
[2.690s] In file included from [01m[K/opt/ros/foxy/include/class_loader/class_loader.hpp:56[m[K,
[2.690s]                  from [01m[K/opt/ros/foxy/include/rclcpp_components/register_node_macro.hpp:18[m[K,
[2.690s]                  from [01m[K/home/bettanin/ros2dev/src/cpp_action_srvcli/src/fibonacci_action_server.cpp:8[m[K:
[2.690s] [01m[K/home/bettanin/ros2dev/src/cpp_action_srvcli/src/fibonacci_action_server.cpp:[m[K In function â€˜[01m[Kint main(int, char**)[m[Kâ€™:
[2.690s] [01m[K/home/bettanin/ros2dev/src/cpp_action_srvcli/src/fibonacci_action_server.cpp:103:3:[m[K [01;31m[Kerror: [m[Kexpected identifier before â€˜[01m[K{[m[Kâ€™ token
[2.691s]   103 |   [01;31m[KRCLCPP_COMPONENTS_REGISTER_NODE[m[K(cpp_action_srvcli::FibonacciActionServer)
[2.691s]       |   [01;31m[K^~~~~~~~~~~~~~~~~~~~~~~~~~~~~~~[m[K
[2.693s] [01m[K/home/bettanin/ros2dev/src/cpp_action_srvcli/src/fibonacci_action_server.cpp:105:16:[m[K [01;31m[Kerror: [m[Kâ€˜[01m[Knode[m[Kâ€™ was not declared in this scope
[2.693s]   105 |   rclcpp::spin([01;31m[Knode[m[K);
[2.693s]       |                [01;31m[K^~~~[m[K
[4.274s] make[2]: *** [CMakeFiles/action_server.dir/build.make:63: CMakeFiles/action_server.dir/src/fibonacci_action_server.cpp.o] Error 1
[4.275s] make[1]: *** [CMakeFiles/Makefile2:165: CMakeFiles/action_server.dir/all] Error 2
[4.275s] make: *** [Makefile:141: all] Error 2
[4.284s] Invoked command in '/home/bettanin/ros2dev/build/cpp_action_srvcli' returned '2': CMAKE_PREFIX_PATH=/home/bettanin/ros2dev/install/action_tutorials_interfaces:/home/bettanin/ros2dev/install/cpp_action_srvcli:/home/bettanin/ros2dev/install/cpp_pubsub:/home/bettanin/ros2dev/install/tutorial_interfaces:/home/bettanin/ros2dev/install/my_package:/home/bettanin/ros2dev/install/more_interfaces:/home/bettanin/ros2dev/install/cpp_srvcli:/home/bettanin/ros2dev/install/cpp_parameters:/opt/ros/foxy LD_LIBRARY_PATH=/home/bettanin/ros2dev/install/action_tutorials_interfaces/lib:/home/bettanin/ros2dev/install/cpp_action_srvcli/lib:/home/bettanin/ros2dev/install/tutorial_interfaces/lib:/home/bettanin/ros2dev/install/more_interfaces/lib:/opt/ros/foxy/opt/yaml_cpp_vendor/lib:/opt/ros/foxy/opt/rviz_ogre_vendor/lib:/opt/ros/foxy/lib/x86_64-linux-gnu:/opt/ros/foxy/lib /usr/bin/cmake --build /home/bettanin/ros2dev/build/cpp_action_srvcli -- -j8 -l8
