[0.037s] Invoking command in '/home/bettanin/ros2dev/build/cpp_pubsub': CMAKE_PREFIX_PATH=/home/bettanin/ros2dev/install/tutorial_interfaces:/home/bettanin/ros2dev/install/cpp_pubsub:/home/bettanin/ros2dev/install/my_package:/home/bettanin/ros2dev/install/cpp_srvcli:/opt/ros/foxy /usr/bin/cmake --build /home/bettanin/ros2dev/build/cpp_pubsub -- -j8 -l8
[0.155s] [ 25%] [32mBuilding CXX object CMakeFiles/listener.dir/src/subscriber_member_function.cpp.o[0m
[0.157s] [ 50%] [32mBuilding CXX object CMakeFiles/talker.dir/src/publisher_member_function.cpp.o[0m
[2.593s] [01m[K/home/bettanin/ros2dev/src/cpp_pubsub/src/subscriber_member_function.cpp:35:52:[m[K [01;31m[Kerror: [m[Ktemplate argument 1 is invalid
[2.593s]    35 |   rclcpp::Subscription<tutorial_interfaces:msg::Num[01;31m[K>[m[K::SharedPtr subscription_;
[2.594s]       |                                                    [01;31m[K^[m[K
[2.594s] [01m[K/home/bettanin/ros2dev/src/cpp_pubsub/src/subscriber_member_function.cpp:35:52:[m[K [01;31m[Kerror: [m[Ktemplate argument 3 is invalid
[2.594s] [01m[K/home/bettanin/ros2dev/src/cpp_pubsub/src/subscriber_member_function.cpp:35:55:[m[K [01;31m[Kerror: [m[Kexpected â€˜[01m[K;[m[Kâ€™ at end of member declaration
[2.594s]    35 |   rclcpp::Subscription<tutorial_interfaces:msg::Num>::[01;31m[KSharedPtr[m[K subscription_;
[2.594s]       |                                                       [01;31m[K^~~~~~~~~[m[K
[2.594s]       |                                                                [32m[K;[m[K
[2.597s] [01m[K/home/bettanin/ros2dev/src/cpp_pubsub/src/subscriber_member_function.cpp:35:65:[m[K [01;31m[Kerror: [m[Kâ€˜[01m[Ksubscription_[m[Kâ€™ does not name a type; did you mean â€˜[01m[Krcl_subscription_t[m[Kâ€™?
[2.598s]    35 |   rclcpp::Subscription<tutorial_interfaces:msg::Num>::SharedPtr [01;31m[Ksubscription_[m[K;
[2.598s]       |                                                                 [01;31m[K^~~~~~~~~~~~~[m[K
[2.598s]       |                                                                 [32m[Krcl_subscription_t[m[K
[2.603s] [01m[K/home/bettanin/ros2dev/src/cpp_pubsub/src/subscriber_member_function.cpp:[m[K In constructor â€˜[01m[KMinimalSubscriber::MinimalSubscriber()[m[Kâ€™:
[2.603s] [01m[K/home/bettanin/ros2dev/src/cpp_pubsub/src/subscriber_member_function.cpp:27:5:[m[K [01;31m[Kerror: [m[Kâ€˜[01m[Ksubscription_[m[Kâ€™ was not declared in this scope; did you mean â€˜[01m[Krcl_subscription_t[m[Kâ€™?
[2.603s]    27 |     [01;31m[Ksubscription_[m[K = this->create_subscription<tutorial_interfaces::msg::Num>("topic", 10, std::bind(&MinimalSubscriber::topic_callback, this, _1));
[2.603s]       |     [01;31m[K^~~~~~~~~~~~~[m[K
[2.603s]       |     [32m[Krcl_subscription_t[m[K
[2.607s] [01m[K/home/bettanin/ros2dev/src/cpp_pubsub/src/publisher_member_function.cpp:45:49:[m[K [01;31m[Kerror: [m[Ktemplate argument 1 is invalid
[2.607s]    45 |   rclcpp::Publisher<tutorial_interfaces:msg::Num[01;31m[K>[m[K::SharedPtr publisher_;
[2.608s]       |                                                 [01;31m[K^[m[K
[2.608s] [01m[K/home/bettanin/ros2dev/src/cpp_pubsub/src/publisher_member_function.cpp:45:52:[m[K [01;31m[Kerror: [m[Kexpected â€˜[01m[K;[m[Kâ€™ at end of member declaration
[2.608s]    45 |   rclcpp::Publisher<tutorial_interfaces:msg::Num>::[01;31m[KSharedPtr[m[K publisher_;
[2.608s]       |                                                    [01;31m[K^~~~~~~~~[m[K
[2.609s]       |                                                             [32m[K;[m[K
[2.612s] [01m[K/home/bettanin/ros2dev/src/cpp_pubsub/src/publisher_member_function.cpp:45:62:[m[K [01;31m[Kerror: [m[Kâ€˜[01m[Kpublisher_[m[Kâ€™ does not name a type; did you mean â€˜[01m[Krcl_publisher_t[m[Kâ€™?
[2.612s]    45 |   rclcpp::Publisher<tutorial_interfaces:msg::Num>::SharedPtr [01;31m[Kpublisher_[m[K;
[2.612s]       |                                                              [01;31m[K^~~~~~~~~~[m[K
[2.612s]       |                                                              [32m[Krcl_publisher_t[m[K
[2.620s] [01m[K/home/bettanin/ros2dev/src/cpp_pubsub/src/publisher_member_function.cpp:[m[K In constructor â€˜[01m[KMinimalPublisher::MinimalPublisher()[m[Kâ€™:
[2.621s] [01m[K/home/bettanin/ros2dev/src/cpp_pubsub/src/publisher_member_function.cpp:32:5:[m[K [01;31m[Kerror: [m[Kâ€˜[01m[Kpublisher_[m[Kâ€™ was not declared in this scope; did you mean â€˜[01m[Krcl_publisher_t[m[Kâ€™?
[2.621s]    32 |     [01;31m[Kpublisher_[m[K = this->create_publisher<tutorial_interfaces::msg::Num>("topic", 10);
[2.621s]       |     [01;31m[K^~~~~~~~~~[m[K
[2.621s]       |     [32m[Krcl_publisher_t[m[K
[2.653s] [01m[K/home/bettanin/ros2dev/src/cpp_pubsub/src/publisher_member_function.cpp:[m[K In member function â€˜[01m[Kvoid MinimalPublisher::timer_callback()[m[Kâ€™:
[2.653s] [01m[K/home/bettanin/ros2dev/src/cpp_pubsub/src/publisher_member_function.cpp:42:5:[m[K [01;31m[Kerror: [m[Kâ€˜[01m[Kpublisher_[m[Kâ€™ was not declared in this scope; did you mean â€˜[01m[Krcl_publisher_t[m[Kâ€™?
[2.653s]    42 |     [01;31m[Kpublisher_[m[K->publish(message);
[2.654s]       |     [01;31m[K^~~~~~~~~~[m[K
[2.654s]       |     [32m[Krcl_publisher_t[m[K
[4.267s] make[2]: *** [CMakeFiles/talker.dir/build.make:63: CMakeFiles/talker.dir/src/publisher_member_function.cpp.o] Error 1
[4.268s] make[1]: *** [CMakeFiles/Makefile2:107: CMakeFiles/talker.dir/all] Error 2
[4.268s] make[1]: *** Waiting for unfinished jobs....
[5.153s] make[2]: *** [CMakeFiles/listener.dir/build.make:63: CMakeFiles/listener.dir/src/subscriber_member_function.cpp.o] Error 1
[5.153s] make[1]: *** [CMakeFiles/Makefile2:80: CMakeFiles/listener.dir/all] Error 2
[5.154s] make: *** [Makefile:141: all] Error 2
[5.158s] Invoked command in '/home/bettanin/ros2dev/build/cpp_pubsub' returned '2': CMAKE_PREFIX_PATH=/home/bettanin/ros2dev/install/tutorial_interfaces:/home/bettanin/ros2dev/install/cpp_pubsub:/home/bettanin/ros2dev/install/my_package:/home/bettanin/ros2dev/install/cpp_srvcli:/opt/ros/foxy /usr/bin/cmake --build /home/bettanin/ros2dev/build/cpp_pubsub -- -j8 -l8
