[0.036s] Invoking command in '/home/bettanin/ros2dev/build/more_interfaces': /usr/bin/cmake --build /home/bettanin/ros2dev/build/more_interfaces -- -j8 -l8
[0.088s] -- Found ament_cmake: 0.9.9 (/opt/ros/foxy/share/ament_cmake/cmake)
[0.139s] -- Using PYTHON_EXECUTABLE: /usr/bin/python3
[0.437s] Traceback (most recent call last):
[0.437s]   File "/opt/ros/foxy/share/ament_cmake_core/cmake/package_templates/templates_2_cmake.py", line 21, in <module>
[0.437s]     from ament_package.templates import get_environment_hook_template_path
[0.438s] ModuleNotFoundError: No module named 'ament_package'
[0.469s] CMake Error at /opt/ros/foxy/share/ament_cmake_core/cmake/ament_cmake_package_templates-extras.cmake:41 (message):
[0.470s]   execute_process(/usr/bin/python3
[0.470s]   /opt/ros/foxy/share/ament_cmake_core/cmake/package_templates/templates_2_cmake.py
[0.470s]   /home/bettanin/ros2dev/build/more_interfaces/ament_cmake_package_templates/templates.cmake)
[0.470s]   returned error code 1
[0.470s] Call Stack (most recent call first):
[0.470s]   /opt/ros/foxy/share/ament_cmake_core/cmake/ament_cmake_coreConfig.cmake:41 (include)
[0.471s]   /opt/ros/foxy/share/ament_cmake/cmake/ament_cmake_export_dependencies-extras.cmake:15 (find_package)
[0.471s]   /opt/ros/foxy/share/ament_cmake/cmake/ament_cmakeConfig.cmake:41 (include)
[0.471s]   CMakeLists.txt:19 (find_package)
[0.471s] 
[0.471s] 
[0.471s] -- Configuring incomplete, errors occurred!
[0.471s] See also "/home/bettanin/ros2dev/build/more_interfaces/CMakeFiles/CMakeOutput.log".
[0.472s] See also "/home/bettanin/ros2dev/build/more_interfaces/CMakeFiles/CMakeError.log".
[0.474s] make: *** [Makefile:792: cmake_check_build_system] Error 1
[0.477s] Invoked command in '/home/bettanin/ros2dev/build/more_interfaces' returned '2': /usr/bin/cmake --build /home/bettanin/ros2dev/build/more_interfaces -- -j8 -l8
