[0.029s] Invoking command in '/home/bettanin/ros2dev/build/more_interfaces': /usr/bin/cmake --build /home/bettanin/ros2dev/build/more_interfaces -- -j8 -l8
[0.170s] -- Found ament_cmake: 0.9.9 (/opt/ros/foxy/share/ament_cmake/cmake)
[0.222s] -- Using PYTHON_EXECUTABLE: /usr/bin/python3
[0.536s] Traceback (most recent call last):
[0.536s]   File "/opt/ros/foxy/share/ament_cmake_core/cmake/package_templates/templates_2_cmake.py", line 21, in <module>
[0.536s]     from ament_package.templates import get_environment_hook_template_path
[0.536s] ModuleNotFoundError: No module named 'ament_package'
[0.572s] CMake Error at /opt/ros/foxy/share/ament_cmake_core/cmake/ament_cmake_package_templates-extras.cmake:41 (message):
[0.572s]   execute_process(/usr/bin/python3
[0.572s]   /opt/ros/foxy/share/ament_cmake_core/cmake/package_templates/templates_2_cmake.py
[0.572s]   /home/bettanin/ros2dev/build/more_interfaces/ament_cmake_package_templates/templates.cmake)
[0.573s]   returned error code 1
[0.573s] Call Stack (most recent call first):
[0.573s]   /opt/ros/foxy/share/ament_cmake_core/cmake/ament_cmake_coreConfig.cmake:41 (include)
[0.573s]   /opt/ros/foxy/share/ament_cmake/cmake/ament_cmake_export_dependencies-extras.cmake:15 (find_package)
[0.574s]   /opt/ros/foxy/share/ament_cmake/cmake/ament_cmakeConfig.cmake:41 (include)
[0.574s]   CMakeLists.txt:19 (find_package)
[0.574s] 
[0.574s] 
[0.575s] -- Configuring incomplete, errors occurred!
[0.575s] See also "/home/bettanin/ros2dev/build/more_interfaces/CMakeFiles/CMakeOutput.log".
[0.575s] See also "/home/bettanin/ros2dev/build/more_interfaces/CMakeFiles/CMakeError.log".
[0.580s] make: *** [Makefile:792: cmake_check_build_system] Error 1
[0.584s] Invoked command in '/home/bettanin/ros2dev/build/more_interfaces' returned '2': /usr/bin/cmake --build /home/bettanin/ros2dev/build/more_interfaces -- -j8 -l8
